#
# There is insufficient memory for the Java Runtime Environment to continue.
# Native memory allocation (malloc) failed to allocate 1152288 bytes for Chunk::new
# Possible reasons:
#   The system is out of physical RAM or swap space
#   The process is running with CompressedOops enabled, and the Java Heap may be blocking the growth of the native heap
# Possible solutions:
#   Reduce memory load on the system
#   Increase physical memory or swap space
#   Check if swap backing store is full
#   Decrease Java heap size (-Xmx/-Xms)
#   Decrease number of Java threads
#   Decrease Java thread stack sizes (-Xss)
#   Set larger code cache with -XX:ReservedCodeCacheSize=
#   JVM is running with Unscaled Compressed Oops mode in which the Java heap is
#     placed in the first 4GB Address space. The Java Heap base Address is the
#     maximum limit for the native heap growth. Please use -XX:HeapBaseMinAddress
#     to set the Java Heap base and to place the Java Heap above 4GB virtual Address.
# This output file may be truncated or incomplete.
#
#  Out of Memory Error (arena.cpp:189), pid=7820, tid=6548
#
# JRE version: OpenJDK Runtime Environment Temurin-17.0.6+10 (17.0.6+10) (build 17.0.6+10)
# Java VM: OpenJDK 64-Bit Server VM Temurin-17.0.6+10 (17.0.6+10, mixed mode, tiered, compressed oops, compressed class ptrs, parallel gc, windows-amd64)
# No core dump will be written. Minidumps are not enabled by default on client versions of Windows
#

---------------  S U M M A R Y ------------

Command Line: --add-modules=ALL-SYSTEM --add-opens=java.base/java.util=ALL-UNNAMED --add-opens=java.base/java.lang=ALL-UNNAMED --add-opens=java.base/sun.nio.fs=ALL-UNNAMED -Declipse.application=org.eclipse.jdt.ls.core.id1 -Dosgi.bundles.defaultStartLevel=4 -Declipse.product=org.eclipse.jdt.ls.core.product -Djava.import.generatesMetadataFilesAtProjectRoot=false -Dfile.encoding=utf8 -XX:+UseParallelGC -XX:GCTimeRatio=4 -XX:AdaptiveSizePolicyWeight=90 -Dsun.zip.disableMemoryMapping=true -Xmx1G -Xms100m -Xlog:disable -javaagent:c:\Users\Doaa Ali\.vscode\extensions\redhat.java-1.15.0-win32-x64\lombok\lombok-1.18.24.jar -XX:+HeapDumpOnOutOfMemoryError -XX:HeapDumpPath=c:\Users\Doaa Ali\AppData\Roaming\Code\User\workspaceStorage\d5b8cc449ea297030e06b7b5392fc57f\redhat.java c:\Users\Doaa Ali\.vscode\extensions\redhat.java-1.15.0-win32-x64\server\plugins\org.eclipse.equinox.launcher_1.6.400.v20210924-0641.jar -configuration c:\Users\Doaa Ali\AppData\Roaming\Code\User\globalStorage\redhat.java\1.15.0\config_win -data c:\Users\Doaa Ali\AppData\Roaming\Code\User\workspaceStorage\d5b8cc449ea297030e06b7b5392fc57f\redhat.java\jdt_ws

Host: Intel(R) Core(TM) i3-3217U CPU @ 1.80GHz, 4 cores, 1G,  Windows 7 , 64 bit Build 7601 (6.1.7601.24545)
Time: Fri May 12 19:33:52 2023 Turkey Standard Time elapsed time: 47.181909 seconds (0d 0h 0m 47s)

---------------  T H R E A D  ---------------

Current thread (0x0000000016db33e0):  JavaThread "C2 CompilerThread0" daemon [_thread_in_native, id=6548, stack(0x0000000019340000,0x0000000019440000)]


Current CompileTask:
C2:  47182 5464       4       org.eclipse.jdt.internal.compiler.util.JrtFileSystem$2::visitFile (10 bytes)

Stack: [0x0000000019340000,0x0000000019440000]
Native frames: (J=compiled Java code, j=interpreted, Vv=VM code, C=native code)
V  [jvm.dll+0x67741a]
V  [jvm.dll+0x834434]
V  [jvm.dll+0x835bde]
V  [jvm.dll+0x836243]
V  [jvm.dll+0x2457b5]
V  [jvm.dll+0xabafc]
V  [jvm.dll+0xac0cc]
V  [jvm.dll+0x3634e7]
V  [jvm.dll+0x32dda1]
V  [jvm.dll+0x32d24a]
V  [jvm.dll+0x2185f1]
V  [jvm.dll+0x217a11]
V  [jvm.dll+0x1a3d0d]
V  [jvm.dll+0x22742a]
V  [jvm.dll+0x225565]
V  [jvm.dll+0x7ea2cb]
V  [jvm.dll+0x7e483a]
V  [jvm.dll+0x6762c5]
C  [ucrtbase.DLL+0x1c1ae]
C  [kernel32.dll+0x1556d]
C  [ntdll.dll+0x5372d]


---------------  P R O C E S S  ---------------

Threads class SMR info:
_java_thread_list=0x000000002acec6c0, length=28, elements={
0x00000000004f2cc0, 0x0000000016d74500, 0x0000000016d754c0, 0x0000000016da7ff0,
0x0000000016da88b0, 0x0000000016da9d30, 0x0000000016dad2f0, 0x0000000016db33e0,
0x0000000016db6b20, 0x0000000016dc94d0, 0x000000001978c340, 0x00000000198c5d10,
0x000000001a68c800, 0x000000001a6b8aa0, 0x000000001a517d80, 0x000000001a330580,
0x000000001a31cc70, 0x000000001a4de9f0, 0x000000001a47f880, 0x000000001c6f3170,
0x000000001c6f3640, 0x000000001c6f3b10, 0x000000001c6f3fe0, 0x000000001c6f44b0,
0x000000001c6f4980, 0x000000001c6f2ca0, 0x000000001c6f4e50, 0x000000001c6f57f0
}

Java Threads: ( => current thread )
  0x00000000004f2cc0 JavaThread "main" [_thread_blocked, id=1452, stack(0x0000000002220000,0x0000000002320000)]
  0x0000000016d74500 JavaThread "Reference Handler" daemon [_thread_blocked, id=1792, stack(0x0000000018a60000,0x0000000018b60000)]
  0x0000000016d754c0 JavaThread "Finalizer" daemon [_thread_blocked, id=8656, stack(0x0000000018c60000,0x0000000018d60000)]
  0x0000000016da7ff0 JavaThread "Signal Dispatcher" daemon [_thread_blocked, id=4820, stack(0x0000000018dd0000,0x0000000018ed0000)]
  0x0000000016da88b0 JavaThread "Attach Listener" daemon [_thread_blocked, id=7336, stack(0x0000000018fc0000,0x00000000190c0000)]
  0x0000000016da9d30 JavaThread "Service Thread" daemon [_thread_blocked, id=5588, stack(0x0000000019170000,0x0000000019270000)]
  0x0000000016dad2f0 JavaThread "Monitor Deflation Thread" daemon [_thread_blocked, id=728, stack(0x0000000018900000,0x0000000018a00000)]
=>0x0000000016db33e0 JavaThread "C2 CompilerThread0" daemon [_thread_in_native, id=6548, stack(0x0000000019340000,0x0000000019440000)]
  0x0000000016db6b20 JavaThread "C1 CompilerThread0" daemon [_thread_in_native, id=8076, stack(0x00000000195c0000,0x00000000196c0000)]
  0x0000000016dc94d0 JavaThread "Sweeper thread" daemon [_thread_blocked, id=5316, stack(0x0000000019440000,0x0000000019540000)]
  0x000000001978c340 JavaThread "Common-Cleaner" daemon [_thread_blocked, id=6724, stack(0x0000000019b60000,0x0000000019c60000)]
  0x00000000198c5d10 JavaThread "Notification Thread" daemon [_thread_blocked, id=7396, stack(0x0000000019dc0000,0x0000000019ec0000)]
  0x000000001a68c800 JavaThread "Active Thread: Equinox Container: e09a1e40-cf36-4b21-ab54-7867afbd5ea7" [_thread_blocked, id=7768, stack(0x0000000019ed0000,0x0000000019fd0000)]
  0x000000001a6b8aa0 JavaThread "Framework Event Dispatcher: Equinox Container: e09a1e40-cf36-4b21-ab54-7867afbd5ea7" daemon [_thread_blocked, id=8792, stack(0x00000000186e0000,0x00000000187e0000)]
  0x000000001a517d80 JavaThread "Start Level: Equinox Container: e09a1e40-cf36-4b21-ab54-7867afbd5ea7" daemon [_thread_blocked, id=7660, stack(0x000000001b840000,0x000000001b940000)]
  0x000000001a330580 JavaThread "SCR Component Actor" daemon [_thread_blocked, id=6708, stack(0x000000001b980000,0x000000001ba80000)]
  0x000000001a31cc70 JavaThread "Worker-JM" [_thread_blocked, id=8200, stack(0x000000001bb00000,0x000000001bc00000)]
  0x000000001a4de9f0 JavaThread "Worker-0" [_thread_blocked, id=1936, stack(0x000000001c590000,0x000000001c690000)]
  0x000000001a47f880 JavaThread "Worker-1: Initialize workspace" [_thread_in_Java, id=8540, stack(0x0000000018b60000,0x0000000018c60000)]
  0x000000001c6f3170 JavaThread "Worker-2" [_thread_blocked, id=6320, stack(0x000000001ab00000,0x000000001ac00000)]
  0x000000001c6f3640 JavaThread "Java indexing" daemon [_thread_blocked, id=8740, stack(0x000000001c450000,0x000000001c550000)]
  0x000000001c6f3b10 JavaThread "Worker-3: Publish Diagnostics" [_thread_in_Java, id=5428, stack(0x000000001f030000,0x000000001f130000)]
  0x000000001c6f3fe0 JavaThread "JNA Cleaner" daemon [_thread_blocked, id=1248, stack(0x000000001f3c0000,0x000000001f4c0000)]
  0x000000001c6f44b0 JavaThread "pool-2-thread-1" [_thread_blocked, id=6064, stack(0x000000001f6b0000,0x000000001f7b0000)]
  0x000000001c6f4980 JavaThread "pool-1-thread-1" [_thread_in_native, id=6108, stack(0x0000000020910000,0x0000000020a10000)]
  0x000000001c6f2ca0 JavaThread "ForkJoinPool.commonPool-worker-1" daemon [_thread_blocked, id=7436, stack(0x000000001b540000,0x000000001b640000)]
  0x000000001c6f4e50 JavaThread "ForkJoinPool.commonPool-worker-2" daemon [_thread_in_Java, id=7760, stack(0x000000001d670000,0x000000001d770000)]
  0x000000001c6f57f0 JavaThread "ForkJoinPool.commonPool-worker-3" daemon [_thread_blocked, id=9012, stack(0x0000000020a70000,0x0000000020b70000)]

Other Threads:
  0x0000000016c7fc10 VMThread "VM Thread" [stack: 0x00000000187e0000,0x00000000188e0000] [id=4944]
  0x00000000198c61e0 WatcherThread [stack: 0x000000001a030000,0x000000001a130000] [id=6348]
  0x000000000050c9b0 GCTaskThread "GC Thread#0" [stack: 0x0000000014880000,0x0000000014980000] [id=7816]
  0x000000001a5d14e0 GCTaskThread "GC Thread#1" [stack: 0x000000001aa00000,0x000000001ab00000] [id=656]
  0x000000001a5d2790 GCTaskThread "GC Thread#2" [stack: 0x000000001b410000,0x000000001b510000] [id=3620]
  0x000000001a5d2a40 GCTaskThread "GC Thread#3" [stack: 0x000000001b640000,0x000000001b740000] [id=480]

Threads with active compile tasks:
C2 CompilerThread0    47352 5464       4       org.eclipse.jdt.internal.compiler.util.JrtFileSystem$2::visitFile (10 bytes)
C1 CompilerThread0    47353 6095       2       org.eclipse.jdt.internal.compiler.lookup.BinaryTypeBinding::resolveType (207 bytes)

VM state: not at safepoint (normal execution)

VM Mutex/Monitor currently owned by a thread: None

Heap Address: 0x00000000c0000000, size: 1024 MB, Compressed Oops mode: 32-bit

CDS archive(s) not mapped
Compressed class space mapped at: 0x000000013f800000-0x000000017f800000, reserved size: 1073741824
Narrow klass base: 0x0000000000000000, Narrow klass shift: 3, Narrow klass range: 0x17f800000

GC Precious Log:
 CPUs: 4 total, 4 available
 Memory: 1935M
 Large Page Support: Disabled
 NUMA Support: Disabled
 Compressed Oops: Enabled (32-bit)
 Alignments: Space 512K, Generation 512K, Heap 2M
 Heap Min Capacity: 100M
 Heap Initial Capacity: 100M
 Heap Max Capacity: 1G
 Pre-touch: Disabled
 Parallel Workers: 4

Heap:
 PSYoungGen      total 17408K, used 10427K [0x00000000eab00000, 0x00000000ec300000, 0x0000000100000000)
  eden space 16896K, 58% used [0x00000000eab00000,0x00000000eb4aec90,0x00000000ebb80000)
  from space 512K, 100% used [0x00000000ebe80000,0x00000000ebf00000,0x00000000ebf00000)
  to   space 3072K, 0% used [0x00000000ebb80000,0x00000000ebb80000,0x00000000ebe80000)
 ParOldGen       total 68608K, used 33341K [0x00000000c0000000, 0x00000000c4300000, 0x00000000eab00000)
  object space 68608K, 48% used [0x00000000c0000000,0x00000000c208f608,0x00000000c4300000)
 Metaspace       used 57665K, committed 58624K, reserved 1105920K
  class space    used 6113K, committed 6464K, reserved 1048576K

Card table byte_map: [0x00000000144e0000,0x00000000146f0000] _byte_map_base: 0x0000000013ee0000

Marking Bits: (ParMarkBitMap*) 0x000007fec6593e70
 Begin Bits: [0x0000000014980000, 0x0000000015980000)
 End Bits:   [0x0000000015980000, 0x0000000016980000)

Polling page: 0x0000000000130000

Metaspace:

Usage:
  Non-class:     50.34 MB used.
      Class:      5.97 MB used.
       Both:     56.31 MB used.

Virtual space:
  Non-class space:       56.00 MB reserved,      50.94 MB ( 91%) committed,  7 nodes.
      Class space:        1.00 GB reserved,       6.31 MB ( <1%) committed,  1 nodes.
             Both:        1.05 GB reserved,      57.25 MB (  5%) committed. 

Chunk freelists:
   Non-Class:  766.00 KB
       Class:  1.57 MB
        Both:  2.32 MB

MaxMetaspaceSize: unlimited
CompressedClassSpaceSize: 1.00 GB
Initial GC threshold: 21.00 MB
Current GC threshold: 58.38 MB
CDS: off
MetaspaceReclaimPolicy: balanced
 - commit_granule_bytes: 65536.
 - commit_granule_words: 8192.
 - virtual_space_node_default_size: 1048576.
 - enlarge_chunks_in_place: 1.
 - new_chunks_are_fully_committed: 0.
 - uncommit_free_chunks: 1.
 - use_allocation_guard: 0.
 - handle_deallocations: 1.


Internal statistics:

num_allocs_failed_limit: 6.
num_arena_births: 418.
num_arena_deaths: 14.
num_vsnodes_births: 8.
num_vsnodes_deaths: 0.
num_space_committed: 916.
num_space_uncommitted: 0.
num_chunks_returned_to_freelist: 20.
num_chunks_taken_from_freelist: 2631.
num_chunk_merges: 10.
num_chunk_splits: 1680.
num_chunks_enlarged: 1027.
num_purges: 2.
num_inconsistent_stats: 0.

CodeHeap 'non-profiled nmethods': size=120000Kb used=2015Kb max_used=2286Kb free=117984Kb
 bounds [0x000000000cec0000, 0x000000000d130000, 0x00000000143f0000]
CodeHeap 'profiled nmethods': size=120000Kb used=10295Kb max_used=11387Kb free=109704Kb
 bounds [0x00000000053f0000, 0x0000000005f60000, 0x000000000c920000]
CodeHeap 'non-nmethods': size=5760Kb used=1327Kb max_used=1372Kb free=4432Kb
 bounds [0x000000000c920000, 0x000000000cb90000, 0x000000000cec0000]
 total_blobs=5773 nmethods=5111 adapters=575
 compilation: enabled
              stopped_count=0, restarted_count=0
 full_count=0

Compilation events (20 events):
Event: 47.106 Thread 0x0000000016db6b20 nmethod 5950 0x0000000005a7cf10 code [0x0000000005a7d0a0, 0x0000000005a7d1e8]
Event: 47.106 Thread 0x0000000016db6b20 5954       1       org.eclipse.jdt.ls.core.internal.semantictokens.SemanticTokensVisitor$SemanticToken::getOffset (5 bytes)
Event: 47.106 Thread 0x0000000016db6b20 nmethod 5954 0x000000000cf19d10 code [0x000000000cf19ea0, 0x000000000cf19f78]
Event: 47.106 Thread 0x0000000016db6b20 5957       2       java.lang.Integer::toString (8 bytes)
Event: 47.106 Thread 0x0000000016db6b20 nmethod 5957 0x0000000005c68b10 code [0x0000000005c68ca0, 0x0000000005c68dc8]
Event: 47.106 Thread 0x0000000016db6b20 5958       2       com.google.gson.stream.JsonWriter::value (94 bytes)
Event: 47.108 Thread 0x0000000016db6b20 nmethod 5958 0x00000000057bb190 code [0x00000000057bb400, 0x00000000057bb958]
Event: 47.108 Thread 0x0000000016db6b20 5959       2       com.google.gson.internal.bind.TypeAdapters$7::write (10 bytes)
Event: 47.109 Thread 0x0000000016db6b20 nmethod 5959 0x0000000005980d10 code [0x0000000005980ec0, 0x0000000005981028]
Event: 47.109 Thread 0x0000000016db6b20 5960       2       com.google.gson.internal.bind.TypeAdapters$7::write (7 bytes)
Event: 47.109 Thread 0x0000000016db6b20 nmethod 5960 0x00000000057bab90 code [0x00000000057bad20, 0x00000000057bae48]
Event: 47.109 Thread 0x0000000016db6b20 5956       2       org.eclipse.jdt.internal.compiler.lookup.LookupEnvironment::getPackage0 (12 bytes)
Event: 47.110 Thread 0x0000000016db6b20 nmethod 5956 0x0000000005cd3f90 code [0x0000000005cd4140, 0x0000000005cd4358]
Event: 47.110 Thread 0x0000000016db6b20 5947       2       org.eclipse.jdt.internal.compiler.lookup.PlainPackageBinding::<init> (10 bytes)
Event: 47.110 Thread 0x0000000016db6b20 nmethod 5947 0x0000000005759e10 code [0x0000000005759fa0, 0x000000000575a0c8]
Event: 47.110 Thread 0x0000000016db6b20 5948       2       org.eclipse.jdt.core.compiler.CharOperation::subarray (48 bytes)
Event: 47.111 Thread 0x0000000016db6b20 nmethod 5948 0x000000000582e090 code [0x000000000582e260, 0x000000000582e568]
Event: 47.111 Thread 0x0000000016db6b20 5944       2       org.eclipse.jdt.internal.compiler.util.CharDelegateMap::<init> (37 bytes)
Event: 47.112 Thread 0x0000000016db6b20 nmethod 5944 0x000000000582da10 code [0x000000000582dbe0, 0x000000000582def8]
Event: 47.112 Thread 0x0000000016db6b20 5963       3       org.eclipse.jdt.internal.compiler.parser.Parser::consumeToken (2309 bytes)

GC Heap History (20 events):
Event: 41.358 GC heap before
{Heap before GC invocations=19 (full 2):
 PSYoungGen      total 21504K, used 21472K [0x00000000eab00000, 0x00000000ec980000, 0x0000000100000000)
  eden space 19456K, 100% used [0x00000000eab00000,0x00000000ebe00000,0x00000000ebe00000)
  from space 2048K, 98% used [0x00000000ec280000,0x00000000ec478020,0x00000000ec480000)
  to   space 4608K, 0% used [0x00000000ebe00000,0x00000000ebe00000,0x00000000ec280000)
 ParOldGen       total 68608K, used 21352K [0x00000000c0000000, 0x00000000c4300000, 0x00000000eab00000)
  object space 68608K, 31% used [0x00000000c0000000,0x00000000c14da348,0x00000000c4300000)
 Metaspace       used 46762K, committed 47552K, reserved 1097728K
  class space    used 5049K, committed 5376K, reserved 1048576K
}
Event: 41.364 GC heap after
{Heap after GC invocations=19 (full 2):
 PSYoungGen      total 21504K, used 1728K [0x00000000eab00000, 0x00000000ec400000, 0x0000000100000000)
  eden space 19456K, 0% used [0x00000000eab00000,0x00000000eab00000,0x00000000ebe00000)
  from space 2048K, 84% used [0x00000000ebe00000,0x00000000ebfb0000,0x00000000ec000000)
  to   space 3072K, 0% used [0x00000000ec100000,0x00000000ec100000,0x00000000ec400000)
 ParOldGen       total 68608K, used 23380K [0x00000000c0000000, 0x00000000c4300000, 0x00000000eab00000)
  object space 68608K, 34% used [0x00000000c0000000,0x00000000c16d51a8,0x00000000c4300000)
 Metaspace       used 46762K, committed 47552K, reserved 1097728K
  class space    used 5049K, committed 5376K, reserved 1048576K
}
Event: 41.477 GC heap before
{Heap before GC invocations=20 (full 2):
 PSYoungGen      total 21504K, used 21184K [0x00000000eab00000, 0x00000000ec400000, 0x0000000100000000)
  eden space 19456K, 100% used [0x00000000eab00000,0x00000000ebe00000,0x00000000ebe00000)
  from space 2048K, 84% used [0x00000000ebe00000,0x00000000ebfb0000,0x00000000ec000000)
  to   space 3072K, 0% used [0x00000000ec100000,0x00000000ec100000,0x00000000ec400000)
 ParOldGen       total 68608K, used 23380K [0x00000000c0000000, 0x00000000c4300000, 0x00000000eab00000)
  object space 68608K, 34% used [0x00000000c0000000,0x00000000c16d51a8,0x00000000c4300000)
 Metaspace       used 46762K, committed 47552K, reserved 1097728K
  class space    used 5049K, committed 5376K, reserved 1048576K
}
Event: 41.484 GC heap after
{Heap after GC invocations=20 (full 2):
 PSYoungGen      total 22016K, used 2048K [0x00000000eab00000, 0x00000000ec380000, 0x0000000100000000)
  eden space 19456K, 0% used [0x00000000eab00000,0x00000000eab00000,0x00000000ebe00000)
  from space 2560K, 80% used [0x00000000ec100000,0x00000000ec300010,0x00000000ec380000)
  to   space 2560K, 0% used [0x00000000ebe80000,0x00000000ebe80000,0x00000000ec100000)
 ParOldGen       total 68608K, used 25108K [0x00000000c0000000, 0x00000000c4300000, 0x00000000eab00000)
  object space 68608K, 36% used [0x00000000c0000000,0x00000000c18851a8,0x00000000c4300000)
 Metaspace       used 46762K, committed 47552K, reserved 1097728K
  class space    used 5049K, committed 5376K, reserved 1048576K
}
Event: 41.630 GC heap before
{Heap before GC invocations=21 (full 2):
 PSYoungGen      total 22016K, used 21504K [0x00000000eab00000, 0x00000000ec380000, 0x0000000100000000)
  eden space 19456K, 100% used [0x00000000eab00000,0x00000000ebe00000,0x00000000ebe00000)
  from space 2560K, 80% used [0x00000000ec100000,0x00000000ec300010,0x00000000ec380000)
  to   space 2560K, 0% used [0x00000000ebe80000,0x00000000ebe80000,0x00000000ec100000)
 ParOldGen       total 68608K, used 25108K [0x00000000c0000000, 0x00000000c4300000, 0x00000000eab00000)
  object space 68608K, 36% used [0x00000000c0000000,0x00000000c18851a8,0x00000000c4300000)
 Metaspace       used 46763K, committed 47552K, reserved 1097728K
  class space    used 5049K, committed 5376K, reserved 1048576K
}
Event: 41.640 GC heap after
{Heap after GC invocations=21 (full 2):
 PSYoungGen      total 21504K, used 1568K [0x00000000eab00000, 0x00000000ec200000, 0x0000000100000000)
  eden space 19456K, 0% used [0x00000000eab00000,0x00000000eab00000,0x00000000ebe00000)
  from space 2048K, 76% used [0x00000000ebe80000,0x00000000ec008000,0x00000000ec080000)
  to   space 1536K, 0% used [0x00000000ec080000,0x00000000ec080000,0x00000000ec200000)
 ParOldGen       total 68608K, used 27092K [0x00000000c0000000, 0x00000000c4300000, 0x00000000eab00000)
  object space 68608K, 39% used [0x00000000c0000000,0x00000000c1a751b8,0x00000000c4300000)
 Metaspace       used 46763K, committed 47552K, reserved 1097728K
  class space    used 5049K, committed 5376K, reserved 1048576K
}
Event: 42.616 GC heap before
{Heap before GC invocations=22 (full 2):
 PSYoungGen      total 21504K, used 21024K [0x00000000eab00000, 0x00000000ec200000, 0x0000000100000000)
  eden space 19456K, 100% used [0x00000000eab00000,0x00000000ebe00000,0x00000000ebe00000)
  from space 2048K, 76% used [0x00000000ebe80000,0x00000000ec008000,0x00000000ec080000)
  to   space 1536K, 0% used [0x00000000ec080000,0x00000000ec080000,0x00000000ec200000)
 ParOldGen       total 68608K, used 27092K [0x00000000c0000000, 0x00000000c4300000, 0x00000000eab00000)
  object space 68608K, 39% used [0x00000000c0000000,0x00000000c1a751b8,0x00000000c4300000)
 Metaspace       used 49298K, committed 50176K, reserved 1097728K
  class space    used 5302K, committed 5696K, reserved 1048576K
}
Event: 42.629 GC heap after
{Heap after GC invocations=22 (full 2):
 PSYoungGen      total 19968K, used 1510K [0x00000000eab00000, 0x00000000ec500000, 0x0000000100000000)
  eden space 18432K, 0% used [0x00000000eab00000,0x00000000eab00000,0x00000000ebd00000)
  from space 1536K, 98% used [0x00000000ec080000,0x00000000ec1f9ab0,0x00000000ec200000)
  to   space 3584K, 0% used [0x00000000ebd00000,0x00000000ebd00000,0x00000000ec080000)
 ParOldGen       total 68608K, used 28631K [0x00000000c0000000, 0x00000000c4300000, 0x00000000eab00000)
  object space 68608K, 41% used [0x00000000c0000000,0x00000000c1bf5d90,0x00000000c4300000)
 Metaspace       used 49298K, committed 50176K, reserved 1097728K
  class space    used 5302K, committed 5696K, reserved 1048576K
}
Event: 43.502 GC heap before
{Heap before GC invocations=23 (full 2):
 PSYoungGen      total 19968K, used 19942K [0x00000000eab00000, 0x00000000ec500000, 0x0000000100000000)
  eden space 18432K, 100% used [0x00000000eab00000,0x00000000ebd00000,0x00000000ebd00000)
  from space 1536K, 98% used [0x00000000ec080000,0x00000000ec1f9ab0,0x00000000ec200000)
  to   space 3584K, 0% used [0x00000000ebd00000,0x00000000ebd00000,0x00000000ec080000)
 ParOldGen       total 68608K, used 28631K [0x00000000c0000000, 0x00000000c4300000, 0x00000000eab00000)
  object space 68608K, 41% used [0x00000000c0000000,0x00000000c1bf5d90,0x00000000c4300000)
 Metaspace       used 50118K, committed 50944K, reserved 1097728K
  class space    used 5409K, committed 5760K, reserved 1048576K
}
Event: 43.514 GC heap after
{Heap after GC invocations=23 (full 2):
 PSYoungGen      total 18944K, used 288K [0x00000000eab00000, 0x00000000ec100000, 0x0000000100000000)
  eden space 18432K, 0% used [0x00000000eab00000,0x00000000eab00000,0x00000000ebd00000)
  from space 512K, 56% used [0x00000000ebd00000,0x00000000ebd48000,0x00000000ebd80000)
  to   space 1536K, 0% used [0x00000000ebf80000,0x00000000ebf80000,0x00000000ec100000)
 ParOldGen       total 68608K, used 30141K [0x00000000c0000000, 0x00000000c4300000, 0x00000000eab00000)
  object space 68608K, 43% used [0x00000000c0000000,0x00000000c1d6f4c0,0x00000000c4300000)
 Metaspace       used 50118K, committed 50944K, reserved 1097728K
  class space    used 5409K, committed 5760K, reserved 1048576K
}
Event: 44.206 GC heap before
{Heap before GC invocations=24 (full 2):
 PSYoungGen      total 18944K, used 18720K [0x00000000eab00000, 0x00000000ec100000, 0x0000000100000000)
  eden space 18432K, 100% used [0x00000000eab00000,0x00000000ebd00000,0x00000000ebd00000)
  from space 512K, 56% used [0x00000000ebd00000,0x00000000ebd48000,0x00000000ebd80000)
  to   space 1536K, 0% used [0x00000000ebf80000,0x00000000ebf80000,0x00000000ec100000)
 ParOldGen       total 68608K, used 30141K [0x00000000c0000000, 0x00000000c4300000, 0x00000000eab00000)
  object space 68608K, 43% used [0x00000000c0000000,0x00000000c1d6f4c0,0x00000000c4300000)
 Metaspace       used 51211K, committed 52032K, reserved 1097728K
  class space    used 5464K, committed 5824K, reserved 1048576K
}
Event: 44.210 GC heap after
{Heap after GC invocations=24 (full 2):
 PSYoungGen      total 19968K, used 1449K [0x00000000eab00000, 0x00000000ec100000, 0x0000000100000000)
  eden space 18432K, 0% used [0x00000000eab00000,0x00000000eab00000,0x00000000ebd00000)
  from space 1536K, 94% used [0x00000000ebf80000,0x00000000ec0ea4d0,0x00000000ec100000)
  to   space 2048K, 0% used [0x00000000ebd00000,0x00000000ebd00000,0x00000000ebf00000)
 ParOldGen       total 68608K, used 30357K [0x00000000c0000000, 0x00000000c4300000, 0x00000000eab00000)
  object space 68608K, 44% used [0x00000000c0000000,0x00000000c1da54c0,0x00000000c4300000)
 Metaspace       used 51211K, committed 52032K, reserved 1097728K
  class space    used 5464K, committed 5824K, reserved 1048576K
}
Event: 44.382 GC heap before
{Heap before GC invocations=25 (full 2):
 PSYoungGen      total 19968K, used 19881K [0x00000000eab00000, 0x00000000ec100000, 0x0000000100000000)
  eden space 18432K, 100% used [0x00000000eab00000,0x00000000ebd00000,0x00000000ebd00000)
  from space 1536K, 94% used [0x00000000ebf80000,0x00000000ec0ea4d0,0x00000000ec100000)
  to   space 2048K, 0% used [0x00000000ebd00000,0x00000000ebd00000,0x00000000ebf00000)
 ParOldGen       total 68608K, used 30357K [0x00000000c0000000, 0x00000000c4300000, 0x00000000eab00000)
  object space 68608K, 44% used [0x00000000c0000000,0x00000000c1da54c0,0x00000000c4300000)
 Metaspace       used 51232K, committed 52032K, reserved 1097728K
  class space    used 5464K, committed 5824K, reserved 1048576K
}
Event: 44.384 GC heap after
{Heap after GC invocations=25 (full 2):
 PSYoungGen      total 19456K, used 907K [0x00000000eab00000, 0x00000000ec000000, 0x0000000100000000)
  eden space 18432K, 0% used [0x00000000eab00000,0x00000000eab00000,0x00000000ebd00000)
  from space 1024K, 88% used [0x00000000ebd00000,0x00000000ebde2cd8,0x00000000ebe00000)
  to   space 1536K, 0% used [0x00000000ebe80000,0x00000000ebe80000,0x00000000ec000000)
 ParOldGen       total 68608K, used 31013K [0x00000000c0000000, 0x00000000c4300000, 0x00000000eab00000)
  object space 68608K, 45% used [0x00000000c0000000,0x00000000c1e49700,0x00000000c4300000)
 Metaspace       used 51232K, committed 52032K, reserved 1097728K
  class space    used 5464K, committed 5824K, reserved 1048576K
}
Event: 45.134 GC heap before
{Heap before GC invocations=26 (full 2):
 PSYoungGen      total 19456K, used 19339K [0x00000000eab00000, 0x00000000ec000000, 0x0000000100000000)
  eden space 18432K, 100% used [0x00000000eab00000,0x00000000ebd00000,0x00000000ebd00000)
  from space 1024K, 88% used [0x00000000ebd00000,0x00000000ebde2cd8,0x00000000ebe00000)
  to   space 1536K, 0% used [0x00000000ebe80000,0x00000000ebe80000,0x00000000ec000000)
 ParOldGen       total 68608K, used 31013K [0x00000000c0000000, 0x00000000c4300000, 0x00000000eab00000)
  object space 68608K, 45% used [0x00000000c0000000,0x00000000c1e49700,0x00000000c4300000)
 Metaspace       used 53205K, committed 54080K, reserved 1097728K
  class space    used 5662K, committed 6016K, reserved 1048576K
}
Event: 45.138 GC heap after
{Heap after GC invocations=26 (full 2):
 PSYoungGen      total 19456K, used 576K [0x00000000eab00000, 0x00000000ebf80000, 0x0000000100000000)
  eden space 18432K, 0% used [0x00000000eab00000,0x00000000eab00000,0x00000000ebd00000)
  from space 1024K, 56% used [0x00000000ebe80000,0x00000000ebf10000,0x00000000ebf80000)
  to   space 1024K, 0% used [0x00000000ebd00000,0x00000000ebd00000,0x00000000ebe00000)
 ParOldGen       total 68608K, used 31029K [0x00000000c0000000, 0x00000000c4300000, 0x00000000eab00000)
  object space 68608K, 45% used [0x00000000c0000000,0x00000000c1e4d700,0x00000000c4300000)
 Metaspace       used 53205K, committed 54080K, reserved 1097728K
  class space    used 5662K, committed 6016K, reserved 1048576K
}
Event: 45.485 GC heap before
{Heap before GC invocations=27 (full 2):
 PSYoungGen      total 19456K, used 19008K [0x00000000eab00000, 0x00000000ebf80000, 0x0000000100000000)
  eden space 18432K, 100% used [0x00000000eab00000,0x00000000ebd00000,0x00000000ebd00000)
  from space 1024K, 56% used [0x00000000ebe80000,0x00000000ebf10000,0x00000000ebf80000)
  to   space 1024K, 0% used [0x00000000ebd00000,0x00000000ebd00000,0x00000000ebe00000)
 ParOldGen       total 68608K, used 31029K [0x00000000c0000000, 0x00000000c4300000, 0x00000000eab00000)
  object space 68608K, 45% used [0x00000000c0000000,0x00000000c1e4d700,0x00000000c4300000)
 Metaspace       used 54554K, committed 55488K, reserved 1105920K
  class space    used 5805K, committed 6208K, reserved 1048576K
}
Event: 45.489 GC heap after
{Heap after GC invocations=27 (full 2):
 PSYoungGen      total 19456K, used 384K [0x00000000eab00000, 0x00000000ebf00000, 0x0000000100000000)
  eden space 18432K, 0% used [0x00000000eab00000,0x00000000eab00000,0x00000000ebd00000)
  from space 1024K, 37% used [0x00000000ebd00000,0x00000000ebd60000,0x00000000ebe00000)
  to   space 512K, 0% used [0x00000000ebe80000,0x00000000ebe80000,0x00000000ebf00000)
 ParOldGen       total 68608K, used 31566K [0x00000000c0000000, 0x00000000c4300000, 0x00000000eab00000)
  object space 68608K, 46% used [0x00000000c0000000,0x00000000c1ed3b70,0x00000000c4300000)
 Metaspace       used 54554K, committed 55488K, reserved 1105920K
  class space    used 5805K, committed 6208K, reserved 1048576K
}
Event: 46.593 GC heap before
{Heap before GC invocations=28 (full 2):
 PSYoungGen      total 19456K, used 18805K [0x00000000eab00000, 0x00000000ebf00000, 0x0000000100000000)
  eden space 18432K, 99% used [0x00000000eab00000,0x00000000ebcfd530,0x00000000ebd00000)
  from space 1024K, 37% used [0x00000000ebd00000,0x00000000ebd60000,0x00000000ebe00000)
  to   space 512K, 0% used [0x00000000ebe80000,0x00000000ebe80000,0x00000000ebf00000)
 ParOldGen       total 68608K, used 31566K [0x00000000c0000000, 0x00000000c4300000, 0x00000000eab00000)
  object space 68608K, 46% used [0x00000000c0000000,0x00000000c1ed3b70,0x00000000c4300000)
 Metaspace       used 57049K, committed 57920K, reserved 1105920K
  class space    used 6079K, committed 6464K, reserved 1048576K
}
Event: 46.610 GC heap after
{Heap after GC invocations=28 (full 2):
 PSYoungGen      total 17408K, used 512K [0x00000000eab00000, 0x00000000ec300000, 0x0000000100000000)
  eden space 16896K, 0% used [0x00000000eab00000,0x00000000eab00000,0x00000000ebb80000)
  from space 512K, 100% used [0x00000000ebe80000,0x00000000ebf00000,0x00000000ebf00000)
  to   space 3072K, 0% used [0x00000000ebb80000,0x00000000ebb80000,0x00000000ebe80000)
 ParOldGen       total 68608K, used 33341K [0x00000000c0000000, 0x00000000c4300000, 0x00000000eab00000)
  object space 68608K, 48% used [0x00000000c0000000,0x00000000c208f608,0x00000000c4300000)
 Metaspace       used 57049K, committed 57920K, reserved 1105920K
  class space    used 6079K, committed 6464K, reserved 1048576K
}

Dll operation events (10 events):
Event: 1.508 Loaded shared library c:\Users\Doaa Ali\.vscode\extensions\redhat.java-1.15.0-win32-x64\jre\17.0.6-win32-x86_64\bin\java.dll
Event: 2.014 Loaded shared library c:\Users\Doaa Ali\.vscode\extensions\redhat.java-1.15.0-win32-x64\jre\17.0.6-win32-x86_64\bin\zip.dll
Event: 2.021 Loaded shared library C:\Users\Doaa Ali\.vscode\extensions\redhat.java-1.15.0-win32-x64\jre\17.0.6-win32-x86_64\bin\instrument.dll
Event: 2.051 Loaded shared library C:\Users\Doaa Ali\.vscode\extensions\redhat.java-1.15.0-win32-x64\jre\17.0.6-win32-x86_64\bin\net.dll
Event: 2.064 Loaded shared library C:\Users\Doaa Ali\.vscode\extensions\redhat.java-1.15.0-win32-x64\jre\17.0.6-win32-x86_64\bin\nio.dll
Event: 2.087 Loaded shared library C:\Users\Doaa Ali\.vscode\extensions\redhat.java-1.15.0-win32-x64\jre\17.0.6-win32-x86_64\bin\zip.dll
Event: 2.138 Loaded shared library C:\Users\Doaa Ali\.vscode\extensions\redhat.java-1.15.0-win32-x64\jre\17.0.6-win32-x86_64\bin\jimage.dll
Event: 2.319 Loaded shared library c:\Users\Doaa Ali\.vscode\extensions\redhat.java-1.15.0-win32-x64\jre\17.0.6-win32-x86_64\bin\verify.dll
Event: 12.438 Loaded shared library C:\Users\Doaa Ali\AppData\Roaming\Code\User\globalStorage\redhat.java\1.15.0\config_win\org.eclipse.equinox.launcher\org.eclipse.equinox.launcher.win32.win32.x86_64_1.2.700.v20221108-1024\eclipse_11801.dll
Event: 31.656 Loaded shared library C:\Users\Doaa Ali\AppData\Local\Temp\jna-848307689\jna15417616812583025561.dll

Deoptimization events (20 events):
Event: 47.025 Thread 0x000000001c6f4e50 DEOPT PACKING pc=0x000000000cf27dc8 sp=0x000000001d76e1d0
Event: 47.025 Thread 0x000000001c6f4e50 DEOPT UNPACKING pc=0x000000000c9766a3 sp=0x000000001d76e170 mode 2
Event: 47.025 Thread 0x000000001c6f4e50 Uncommon trap: trap_request=0xffffffbe fr.pc=0x000000000cf27dc8 relative=0x0000000000000668
Event: 47.025 Thread 0x000000001c6f4e50 Uncommon trap: reason=profile_predicate action=maybe_recompile pc=0x000000000cf27dc8 method=java.util.TreeMap.getEntryUsingComparator(Ljava/lang/Object;)Ljava/util/TreeMap$Entry; @ 19 c2
Event: 47.025 Thread 0x000000001c6f4e50 DEOPT PACKING pc=0x000000000cf27dc8 sp=0x000000001d76e1d0
Event: 47.025 Thread 0x000000001c6f4e50 DEOPT UNPACKING pc=0x000000000c9766a3 sp=0x000000001d76e170 mode 2
Event: 47.066 Thread 0x000000001c6f57f0 Uncommon trap: trap_request=0xffffffde fr.pc=0x000000000d02d23c relative=0x0000000000000d1c
Event: 47.066 Thread 0x000000001c6f57f0 Uncommon trap: reason=class_check action=maybe_recompile pc=0x000000000d02d23c method=java.util.concurrent.ConcurrentHashMap.putVal(Ljava/lang/Object;Ljava/lang/Object;Z)Ljava/lang/Object; @ 242 c2
Event: 47.066 Thread 0x000000001c6f57f0 DEOPT PACKING pc=0x000000000d02d23c sp=0x0000000020b6e1f0
Event: 47.066 Thread 0x000000001c6f57f0 DEOPT UNPACKING pc=0x000000000c9766a3 sp=0x0000000020b6e160 mode 2
Event: 47.072 Thread 0x000000001c6f57f0 Uncommon trap: trap_request=0xffffffde fr.pc=0x000000000d02d23c relative=0x0000000000000d1c
Event: 47.072 Thread 0x000000001c6f57f0 Uncommon trap: reason=class_check action=maybe_recompile pc=0x000000000d02d23c method=java.util.concurrent.ConcurrentHashMap.putVal(Ljava/lang/Object;Ljava/lang/Object;Z)Ljava/lang/Object; @ 242 c2
Event: 47.072 Thread 0x000000001c6f57f0 DEOPT PACKING pc=0x000000000d02d23c sp=0x0000000020b6e140
Event: 47.072 Thread 0x000000001c6f57f0 DEOPT UNPACKING pc=0x000000000c9766a3 sp=0x0000000020b6e0b0 mode 2
Event: 47.082 Thread 0x000000001c6f57f0 Uncommon trap: trap_request=0xffffffde fr.pc=0x000000000d02d23c relative=0x0000000000000d1c
Event: 47.082 Thread 0x000000001c6f57f0 Uncommon trap: reason=class_check action=maybe_recompile pc=0x000000000d02d23c method=java.util.concurrent.ConcurrentHashMap.putVal(Ljava/lang/Object;Ljava/lang/Object;Z)Ljava/lang/Object; @ 242 c2
Event: 47.082 Thread 0x000000001c6f57f0 DEOPT PACKING pc=0x000000000d02d23c sp=0x0000000020b6d5f0
Event: 47.082 Thread 0x000000001c6f57f0 DEOPT UNPACKING pc=0x000000000c9766a3 sp=0x0000000020b6d560 mode 2
Event: 47.089 Thread 0x000000001c6f57f0 DEOPT PACKING pc=0x000000000556d98b sp=0x0000000020b6dda0
Event: 47.089 Thread 0x000000001c6f57f0 DEOPT UNPACKING pc=0x000000000c976e43 sp=0x0000000020b6d238 mode 0

Classes unloaded (7 events):
Event: 16.174 Thread 0x0000000016c7fc10 Unloading class 0x000000013fa16400 'java/lang/invoke/LambdaForm$MH+0x000000013fa16400'
Event: 16.174 Thread 0x0000000016c7fc10 Unloading class 0x000000013fa16000 'java/lang/invoke/LambdaForm$MH+0x000000013fa16000'
Event: 16.174 Thread 0x0000000016c7fc10 Unloading class 0x000000013fa15c00 'java/lang/invoke/LambdaForm$MH+0x000000013fa15c00'
Event: 16.174 Thread 0x0000000016c7fc10 Unloading class 0x000000013fa15800 'java/lang/invoke/LambdaForm$MH+0x000000013fa15800'
Event: 16.174 Thread 0x0000000016c7fc10 Unloading class 0x000000013fa15000 'java/lang/invoke/LambdaForm$BMH+0x000000013fa15000'
Event: 16.174 Thread 0x0000000016c7fc10 Unloading class 0x000000013fa14c00 'java/lang/invoke/LambdaForm$DMH+0x000000013fa14c00'
Event: 16.174 Thread 0x0000000016c7fc10 Unloading class 0x000000013fa12000 'java/lang/invoke/LambdaForm$DMH+0x000000013fa12000'

Classes redefined (0 events):
No events

Internal exceptions (20 events):
Event: 46.007 Thread 0x000000001c6f4980 Exception <a 'java/lang/NullPointerException'{0x00000000eb3f8208}> (0x00000000eb3f8208) 
thrown [s\src\hotspot\share\interpreter\linkResolver.cpp, line 1350]
Event: 46.515 Thread 0x000000001c6f2ca0 Exception <a 'java/lang/NoSuchMethodError'{0x00000000ebbd3130}: 'int java.lang.invoke.DirectMethodHandle$Holder.invokeStatic(java.lang.Object)'> (0x00000000ebbd3130) 
thrown [s\src\hotspot\share\interpreter\linkResolver.cpp, line 759]
Event: 46.555 Thread 0x000000001c6f3b10 Exception <a 'java/lang/NullPointerException'{0x00000000eaea5170}> (0x00000000eaea5170) 
thrown [s\src\hotspot\share\interpreter\linkResolver.cpp, line 1350]
Event: 46.556 Thread 0x000000001c6f3b10 Exception <a 'java/lang/NullPointerException'{0x00000000eaea5cb0}> (0x00000000eaea5cb0) 
thrown [s\src\hotspot\share\interpreter\linkResolver.cpp, line 1350]
Event: 46.558 Thread 0x000000001c6f3b10 Exception <a 'java/lang/NullPointerException'{0x00000000eaea6920}> (0x00000000eaea6920) 
thrown [s\src\hotspot\share\interpreter\linkResolver.cpp, line 1350]
Event: 46.564 Thread 0x000000001c6f3b10 Exception <a 'java/lang/NullPointerException'{0x00000000ebcb41b0}> (0x00000000ebcb41b0) 
thrown [s\src\hotspot\share\interpreter\linkResolver.cpp, line 1350]
Event: 46.565 Thread 0x000000001c6f3b10 Exception <a 'java/lang/NullPointerException'{0x00000000ebcb60d0}> (0x00000000ebcb60d0) 
thrown [s\src\hotspot\share\interpreter\linkResolver.cpp, line 1350]
Event: 46.569 Thread 0x000000001c6f3b10 Exception <a 'java/lang/NullPointerException'{0x00000000ebcb93a8}> (0x00000000ebcb93a8) 
thrown [s\src\hotspot\share\interpreter\linkResolver.cpp, line 1350]
Event: 46.571 Thread 0x000000001c6f3b10 Exception <a 'java/lang/NullPointerException'{0x00000000ebcbc258}> (0x00000000ebcbc258) 
thrown [s\src\hotspot\share\interpreter\linkResolver.cpp, line 1350]
Event: 46.572 Thread 0x000000001c6f3b10 Exception <a 'java/lang/NullPointerException'{0x00000000ebcbd060}> (0x00000000ebcbd060) 
thrown [s\src\hotspot\share\interpreter\linkResolver.cpp, line 1350]
Event: 46.573 Thread 0x000000001c6f3b10 Exception <a 'java/lang/NullPointerException'{0x00000000ebcbdcd8}> (0x00000000ebcbdcd8) 
thrown [s\src\hotspot\share\interpreter\linkResolver.cpp, line 1350]
Event: 47.053 Thread 0x000000001c6f3b10 Exception <a 'java/lang/NullPointerException'{0x00000000eae10138}> (0x00000000eae10138) 
thrown [s\src\hotspot\share\interpreter\linkResolver.cpp, line 1350]
Event: 47.062 Thread 0x000000001c6f3b10 Exception <a 'java/lang/NullPointerException'{0x00000000eae106d8}> (0x00000000eae106d8) 
thrown [s\src\hotspot\share\interpreter\linkResolver.cpp, line 1350]
Event: 47.081 Thread 0x000000001c6f3b10 Exception <a 'java/lang/NullPointerException'{0x00000000eae10c88}> (0x00000000eae10c88) 
thrown [s\src\hotspot\share\interpreter\linkResolver.cpp, line 1350]
Event: 47.102 Thread 0x000000001c6f3b10 Exception <a 'java/lang/NullPointerException'{0x00000000eaecc3e8}> (0x00000000eaecc3e8) 
thrown [s\src\hotspot\share\interpreter\linkResolver.cpp, line 1350]
Event: 47.103 Thread 0x000000001c6f3b10 Exception <a 'java/lang/NullPointerException'{0x00000000eaeccec8}> (0x00000000eaeccec8) 
thrown [s\src\hotspot\share\interpreter\linkResolver.cpp, line 1350]
Event: 47.105 Thread 0x000000001c6f3b10 Exception <a 'java/lang/NullPointerException'{0x00000000eaece178}> (0x00000000eaece178) 
thrown [s\src\hotspot\share\interpreter\linkResolver.cpp, line 1350]
Event: 47.107 Thread 0x000000001c6f3b10 Exception <a 'java/lang/NullPointerException'{0x00000000eaecf210}> (0x00000000eaecf210) 
thrown [s\src\hotspot\share\interpreter\linkResolver.cpp, line 1350]
Event: 47.108 Thread 0x000000001c6f3b10 Exception <a 'java/lang/NullPointerException'{0x00000000eaecf8f8}> (0x00000000eaecf8f8) 
thrown [s\src\hotspot\share\interpreter\linkResolver.cpp, line 1350]
Event: 47.110 Thread 0x000000001c6f3b10 Exception <a 'java/lang/NullPointerException'{0x00000000eaecfef8}> (0x00000000eaecfef8) 
thrown [s\src\hotspot\share\interpreter\linkResolver.cpp, line 1350]

VM Operations (20 events):
Event: 45.338 Executing VM operation: HandshakeAllThreads
Event: 45.338 Executing VM operation: HandshakeAllThreads done
Event: 45.445 Executing VM operation: HandshakeAllThreads
Event: 45.445 Executing VM operation: HandshakeAllThreads done
Event: 45.445 Executing VM operation: HandshakeAllThreads
Event: 45.445 Executing VM operation: HandshakeAllThreads done
Event: 45.485 Executing VM operation: ParallelGCFailedAllocation
Event: 45.489 Executing VM operation: ParallelGCFailedAllocation done
Event: 45.515 Executing VM operation: HandshakeAllThreads
Event: 45.515 Executing VM operation: HandshakeAllThreads done
Event: 45.518 Executing VM operation: HandshakeAllThreads
Event: 45.518 Executing VM operation: HandshakeAllThreads done
Event: 45.585 Executing VM operation: HandshakeAllThreads
Event: 45.585 Executing VM operation: HandshakeAllThreads done
Event: 45.754 Executing VM operation: HandshakeAllThreads
Event: 45.754 Executing VM operation: HandshakeAllThreads done
Event: 45.767 Executing VM operation: HandshakeAllThreads
Event: 45.767 Executing VM operation: HandshakeAllThreads done
Event: 46.588 Executing VM operation: ParallelGCFailedAllocation
Event: 46.611 Executing VM operation: ParallelGCFailedAllocation done

Events (20 events):
Event: 45.754 loading class java/util/stream/ReduceOps$4ReducingSink
Event: 45.754 loading class java/util/stream/ReduceOps$4ReducingSink done
Event: 45.943 loading class java/util/concurrent/ForkJoinTask$AdaptedCallable
Event: 45.943 loading class java/util/concurrent/ForkJoinTask$AdaptedCallable done
Event: 45.945 Thread 0x000000001c6f4e50 Thread added: 0x000000001c6f4e50
Event: 45.945 loading class java/util/concurrent/CountedCompleter
Event: 45.946 loading class java/util/concurrent/CountedCompleter done
Event: 46.505 loading class java/util/concurrent/CompletableFuture$UniAccept
Event: 46.505 loading class java/util/concurrent/CompletableFuture$UniAccept done
Event: 46.505 loading class java/util/concurrent/CompletableFuture$UniExceptionally
Event: 46.505 loading class java/util/concurrent/CompletableFuture$UniExceptionally done
Event: 46.519 Thread 0x000000001c6f57f0 Thread added: 0x000000001c6f57f0
Event: 46.535 loading class java/text/DontCareFieldPosition
Event: 46.536 loading class java/text/DontCareFieldPosition done
Event: 46.536 loading class java/text/DontCareFieldPosition$1
Event: 46.536 loading class java/text/Format$FieldDelegate
Event: 46.537 loading class java/text/Format$FieldDelegate done
Event: 46.537 loading class java/text/DontCareFieldPosition$1 done
Event: 46.537 loading class java/text/NumberFormat$Field
Event: 46.538 loading class java/text/NumberFormat$Field done


Dynamic libraries:
0x000000013f660000 - 0x000000013f66e000 	c:\Users\Doaa Ali\.vscode\extensions\redhat.java-1.15.0-win32-x64\jre\17.0.6-win32-x86_64\bin\java.exe
0x00000000777b0000 - 0x000000007794f000 	C:\Windows\SYSTEM32\ntdll.dll
0x000007fefbec0000 - 0x000007fefbed9000 	C:\Program Files\Avast Software\Avast\aswhook.dll
0x0000000077690000 - 0x00000000777af000 	C:\Windows\system32\kernel32.dll
0x000007fefd560000 - 0x000007fefd5c7000 	C:\Windows\system32\KERNELBASE.dll
0x000007fedf9f0000 - 0x000007fedfa07000 	c:\Users\Doaa Ali\.vscode\extensions\redhat.java-1.15.0-win32-x64\jre\17.0.6-win32-x86_64\bin\jli.dll
0x000007fefc370000 - 0x000007fefc565000 	C:\Windows\WinSxS\amd64_microsoft.windows.common-controls_6595b64144ccf1df_6.0.7601.24483_none_e372d88f30fbb845\COMCTL32.dll
0x000007fefee30000 - 0x000007fefeecf000 	C:\Windows\system32\msvcrt.dll
0x000007fefd860000 - 0x000007fefd8c7000 	C:\Windows\system32\GDI32.dll
0x0000000077590000 - 0x000000007768b000 	C:\Windows\system32\USER32.dll
0x000007fefd950000 - 0x000007fefd95e000 	C:\Windows\system32\LPK.dll
0x000007fefd6c0000 - 0x000007fefd78b000 	C:\Windows\system32\USP10.dll
0x000007fefd7e0000 - 0x000007fefd851000 	C:\Windows\system32\SHLWAPI.dll
0x000007feda0f0000 - 0x000007feda109000 	c:\Users\Doaa Ali\.vscode\extensions\redhat.java-1.15.0-win32-x64\jre\17.0.6-win32-x86_64\bin\VCRUNTIME140.dll
0x000007fee0d10000 - 0x000007fee0d14000 	c:\Users\Doaa Ali\.vscode\extensions\redhat.java-1.15.0-win32-x64\jre\17.0.6-win32-x86_64\bin\api-ms-win-crt-runtime-l1-1-0.dll
0x000007fecb420000 - 0x000007fecb51a000 	c:\Users\Doaa Ali\.vscode\extensions\redhat.java-1.15.0-win32-x64\jre\17.0.6-win32-x86_64\bin\ucrtbase.DLL
0x000007fedcde0000 - 0x000007fedcde3000 	c:\Users\Doaa Ali\.vscode\extensions\redhat.java-1.15.0-win32-x64\jre\17.0.6-win32-x86_64\bin\api-ms-win-core-localization-l1-2-0.dll
0x000007feda140000 - 0x000007feda143000 	c:\Users\Doaa Ali\.vscode\extensions\redhat.java-1.15.0-win32-x64\jre\17.0.6-win32-x86_64\bin\api-ms-win-core-processthreads-l1-1-1.dll
0x000007fed9c80000 - 0x000007fed9c83000 	c:\Users\Doaa Ali\.vscode\extensions\redhat.java-1.15.0-win32-x64\jre\17.0.6-win32-x86_64\bin\api-ms-win-core-file-l1-2-0.dll
0x000007fed9c70000 - 0x000007fed9c73000 	c:\Users\Doaa Ali\.vscode\extensions\redhat.java-1.15.0-win32-x64\jre\17.0.6-win32-x86_64\bin\api-ms-win-core-timezone-l1-1-0.dll
0x000007fed7e00000 - 0x000007fed7e03000 	c:\Users\Doaa Ali\.vscode\extensions\redhat.java-1.15.0-win32-x64\jre\17.0.6-win32-x86_64\bin\api-ms-win-core-file-l2-1-0.dll
0x000007fed6b20000 - 0x000007fed6b23000 	c:\Users\Doaa Ali\.vscode\extensions\redhat.java-1.15.0-win32-x64\jre\17.0.6-win32-x86_64\bin\api-ms-win-core-synch-l1-2-0.dll
0x000007fed6b10000 - 0x000007fed6b13000 	c:\Users\Doaa Ali\.vscode\extensions\redhat.java-1.15.0-win32-x64\jre\17.0.6-win32-x86_64\bin\api-ms-win-crt-heap-l1-1-0.dll
0x000007fed63e0000 - 0x000007fed63e4000 	c:\Users\Doaa Ali\.vscode\extensions\redhat.java-1.15.0-win32-x64\jre\17.0.6-win32-x86_64\bin\api-ms-win-crt-string-l1-1-0.dll
0x000007fed63d0000 - 0x000007fed63d4000 	c:\Users\Doaa Ali\.vscode\extensions\redhat.java-1.15.0-win32-x64\jre\17.0.6-win32-x86_64\bin\api-ms-win-crt-stdio-l1-1-0.dll
0x000007fed63c0000 - 0x000007fed63c4000 	c:\Users\Doaa Ali\.vscode\extensions\redhat.java-1.15.0-win32-x64\jre\17.0.6-win32-x86_64\bin\api-ms-win-crt-convert-l1-1-0.dll
0x000007fed60e0000 - 0x000007fed60e3000 	c:\Users\Doaa Ali\.vscode\extensions\redhat.java-1.15.0-win32-x64\jre\17.0.6-win32-x86_64\bin\api-ms-win-crt-environment-l1-1-0.dll
0x000007fed60d0000 - 0x000007fed60d3000 	c:\Users\Doaa Ali\.vscode\extensions\redhat.java-1.15.0-win32-x64\jre\17.0.6-win32-x86_64\bin\api-ms-win-crt-filesystem-l1-1-0.dll
0x000007fed5f30000 - 0x000007fed5f35000 	c:\Users\Doaa Ali\.vscode\extensions\redhat.java-1.15.0-win32-x64\jre\17.0.6-win32-x86_64\bin\api-ms-win-crt-math-l1-1-0.dll
0x000007fed5530000 - 0x000007fed5533000 	c:\Users\Doaa Ali\.vscode\extensions\redhat.java-1.15.0-win32-x64\jre\17.0.6-win32-x86_64\bin\api-ms-win-crt-locale-l1-1-0.dll
0x000007fefeed0000 - 0x000007fefeefe000 	C:\Windows\system32\IMM32.DLL
0x000007fefd960000 - 0x000007fefda6b000 	C:\Windows\system32\MSCTF.dll
0x000007fed5520000 - 0x000007fed552c000 	c:\Users\Doaa Ali\.vscode\extensions\redhat.java-1.15.0-win32-x64\jre\17.0.6-win32-x86_64\bin\vcruntime140_1.dll
0x000007fecb380000 - 0x000007fecb411000 	c:\Users\Doaa Ali\.vscode\extensions\redhat.java-1.15.0-win32-x64\jre\17.0.6-win32-x86_64\bin\msvcp140.dll
0x000007fed52a0000 - 0x000007fed52a3000 	c:\Users\Doaa Ali\.vscode\extensions\redhat.java-1.15.0-win32-x64\jre\17.0.6-win32-x86_64\bin\api-ms-win-crt-time-l1-1-0.dll
0x000007fed5290000 - 0x000007fed5293000 	c:\Users\Doaa Ali\.vscode\extensions\redhat.java-1.15.0-win32-x64\jre\17.0.6-win32-x86_64\bin\api-ms-win-crt-utility-l1-1-0.dll
0x000007fec5a10000 - 0x000007fec6657000 	c:\Users\Doaa Ali\.vscode\extensions\redhat.java-1.15.0-win32-x64\jre\17.0.6-win32-x86_64\bin\server\jvm.dll
0x000007feff9c0000 - 0x000007feffa9b000 	C:\Windows\system32\ADVAPI32.dll
0x000007fefee10000 - 0x000007fefee2f000 	C:\Windows\SYSTEM32\sechost.dll
0x000007fefef00000 - 0x000007feff02c000 	C:\Windows\system32\RPCRT4.dll
0x000007fef9200000 - 0x000007fef9209000 	C:\Windows\system32\WSOCK32.dll
0x000007fefd790000 - 0x000007fefd7dd000 	C:\Windows\system32\WS2_32.dll
0x000007feff230000 - 0x000007feff238000 	C:\Windows\system32\NSI.dll
0x000007fefb350000 - 0x000007fefb38b000 	C:\Windows\system32\WINMM.dll
0x000007fefc080000 - 0x000007fefc08c000 	C:\Windows\system32\VERSION.dll
0x000007fed5010000 - 0x000007fed501a000 	c:\Users\Doaa Ali\.vscode\extensions\redhat.java-1.15.0-win32-x64\jre\17.0.6-win32-x86_64\bin\jimage.dll
0x000007fefac90000 - 0x000007fefadb5000 	C:\Windows\system32\DBGHELP.DLL
0x000007fed5000000 - 0x000007fed500e000 	c:\Users\Doaa Ali\.vscode\extensions\redhat.java-1.15.0-win32-x64\jre\17.0.6-win32-x86_64\bin\instrument.dll
0x000007fed4b10000 - 0x000007fed4b35000 	c:\Users\Doaa Ali\.vscode\extensions\redhat.java-1.15.0-win32-x64\jre\17.0.6-win32-x86_64\bin\java.dll
0x000007fecb360000 - 0x000007fecb378000 	c:\Users\Doaa Ali\.vscode\extensions\redhat.java-1.15.0-win32-x64\jre\17.0.6-win32-x86_64\bin\zip.dll
0x000007fefdc70000 - 0x000007fefe9fb000 	C:\Windows\system32\SHELL32.dll
0x000007feff030000 - 0x000007feff22f000 	C:\Windows\system32\ole32.dll
0x000007fefd310000 - 0x000007fefd31f000 	C:\Windows\system32\profapi.dll
0x000007feca9c0000 - 0x000007feca9d9000 	C:\Users\Doaa Ali\.vscode\extensions\redhat.java-1.15.0-win32-x64\jre\17.0.6-win32-x86_64\bin\net.dll
0x000007fef5360000 - 0x000007fef53d1000 	C:\Windows\system32\WINHTTP.dll
0x000007fef52f0000 - 0x000007fef5355000 	C:\Windows\system32\webio.dll
0x000007fefca40000 - 0x000007fefca95000 	C:\Windows\system32\mswsock.dll
0x000007fefca30000 - 0x000007fefca37000 	C:\Windows\System32\wship6.dll
0x000007feca9a0000 - 0x000007feca9b5000 	C:\Users\Doaa Ali\.vscode\extensions\redhat.java-1.15.0-win32-x64\jre\17.0.6-win32-x86_64\bin\nio.dll
0x000007fed4b00000 - 0x000007fed4b10000 	c:\Users\Doaa Ali\.vscode\extensions\redhat.java-1.15.0-win32-x64\jre\17.0.6-win32-x86_64\bin\verify.dll
0x000007fec9b80000 - 0x000007fec9bbe000 	C:\Users\Doaa Ali\AppData\Roaming\Code\User\globalStorage\redhat.java\1.15.0\config_win\org.eclipse.equinox.launcher\org.eclipse.equinox.launcher.win32.win32.x86_64_1.2.700.v20221108-1024\eclipse_11801.dll
0x000007fefcaa0000 - 0x000007fefcab8000 	C:\Windows\system32\CRYPTSP.dll
0x000007fefc7a0000 - 0x000007fefc7e7000 	C:\Windows\system32\rsaenh.dll
0x000007fefd390000 - 0x000007fefd3af000 	C:\Windows\system32\USERENV.dll
0x000007fefd1a0000 - 0x000007fefd1af000 	C:\Windows\system32\CRYPTBASE.dll
0x000007fef9ca0000 - 0x000007fef9cc7000 	C:\Windows\system32\IPHLPAPI.DLL
0x000007fef9c80000 - 0x000007fef9c8b000 	C:\Windows\system32\WINNSI.DLL
0x000007fef9a90000 - 0x000007fef9aa8000 	C:\Windows\system32\dhcpcsvc.DLL
0x000007fef9a70000 - 0x000007fef9a81000 	C:\Windows\system32\dhcpcsvc6.DLL
0x000007fec9ae0000 - 0x000007fec9b25000 	C:\Users\Doaa Ali\AppData\Local\Temp\jna-848307689\jna15417616812583025561.dll
0x0000000077950000 - 0x0000000077957000 	C:\Windows\system32\PSAPI.DLL
0x000007fefd110000 - 0x000007fefd135000 	C:\Windows\system32\SspiCli.dll
0x000007fefc360000 - 0x000007fefc36a000 	C:\Windows\system32\credssp.dll
0x000007fefd680000 - 0x000007fefd6b6000 	C:\Windows\system32\CFGMGR32.dll

dbghelp: loaded successfully - version: 4.0.5 - missing functions: none
symbol engine: initialized successfully - sym options: 0x614 - pdb path: .;c:\Users\Doaa Ali\.vscode\extensions\redhat.java-1.15.0-win32-x64\jre\17.0.6-win32-x86_64\bin;C:\Windows\SYSTEM32;C:\Program Files\Avast Software\Avast;C:\Windows\WinSxS\amd64_microsoft.windows.common-controls_6595b64144ccf1df_6.0.7601.24483_none_e372d88f30fbb845;c:\Users\Doaa Ali\.vscode\extensions\redhat.java-1.15.0-win32-x64\jre\17.0.6-win32-x86_64\bin\server;C:\Users\Doaa Ali\AppData\Roaming\Code\User\globalStorage\redhat.java\1.15.0\config_win\org.eclipse.equinox.launcher\org.eclipse.equinox.launcher.win32.win32.x86_64_1.2.700.v20221108-1024;C:\Users\Doaa Ali\AppData\Local\Temp\jna-848307689

VM Arguments:
jvm_args: --add-modules=ALL-SYSTEM --add-opens=java.base/java.util=ALL-UNNAMED --add-opens=java.base/java.lang=ALL-UNNAMED --add-opens=java.base/sun.nio.fs=ALL-UNNAMED -Declipse.application=org.eclipse.jdt.ls.core.id1 -Dosgi.bundles.defaultStartLevel=4 -Declipse.product=org.eclipse.jdt.ls.core.product -Djava.import.generatesMetadataFilesAtProjectRoot=false -Dfile.encoding=utf8 -XX:+UseParallelGC -XX:GCTimeRatio=4 -XX:AdaptiveSizePolicyWeight=90 -Dsun.zip.disableMemoryMapping=true -Xmx1G -Xms100m -Xlog:disable -javaagent:c:\Users\Doaa Ali\.vscode\extensions\redhat.java-1.15.0-win32-x64\lombok\lombok-1.18.24.jar -XX:+HeapDumpOnOutOfMemoryError -XX:HeapDumpPath=c:\Users\Doaa Ali\AppData\Roaming\Code\User\workspaceStorage\d5b8cc449ea297030e06b7b5392fc57f\redhat.java 
java_command: c:\Users\Doaa Ali\.vscode\extensions\redhat.java-1.15.0-win32-x64\server\plugins\org.eclipse.equinox.launcher_1.6.400.v20210924-0641.jar -configuration c:\Users\Doaa Ali\AppData\Roaming\Code\User\globalStorage\redhat.java\1.15.0\config_win -data c:\Users\Doaa Ali\AppData\Roaming\Code\User\workspaceStorage\d5b8cc449ea297030e06b7b5392fc57f\redhat.java\jdt_ws
java_class_path (initial): c:\Users\Doaa Ali\.vscode\extensions\redhat.java-1.15.0-win32-x64\server\plugins\org.eclipse.equinox.launcher_1.6.400.v20210924-0641.jar
Launcher Type: SUN_STANDARD

[Global flags]
    uintx AdaptiveSizePolicyWeight                 = 90                                        {product} {command line}
     intx CICompilerCount                          = 3                                         {product} {ergonomic}
    uintx GCTimeRatio                              = 4                                         {product} {command line}
     bool HeapDumpOnOutOfMemoryError               = true                                   {manageable} {command line}
    ccstr HeapDumpPath                             = c:\Users\Doaa Ali\AppData\Roaming\Code\User\workspaceStorage\d5b8cc449ea297030e06b7b5392fc57f\redhat.java         {manageable} {command line}
   size_t InitialHeapSize                          = 104857600                                 {product} {command line}
   size_t MaxHeapSize                              = 1073741824                                {product} {command line}
   size_t MaxNewSize                               = 357564416                                 {product} {ergonomic}
   size_t MinHeapDeltaBytes                        = 524288                                    {product} {ergonomic}
   size_t MinHeapSize                              = 104857600                                 {product} {command line}
   size_t NewSize                                  = 34603008                                  {product} {ergonomic}
    uintx NonNMethodCodeHeapSize                   = 5832780                                {pd product} {ergonomic}
    uintx NonProfiledCodeHeapSize                  = 122912730                              {pd product} {ergonomic}
   size_t OldSize                                  = 70254592                                  {product} {ergonomic}
    uintx ProfiledCodeHeapSize                     = 122912730                              {pd product} {ergonomic}
    uintx ReservedCodeCacheSize                    = 251658240                              {pd product} {ergonomic}
     bool SegmentedCodeCache                       = true                                      {product} {ergonomic}
   size_t SoftMaxHeapSize                          = 1073741824                             {manageable} {ergonomic}
     bool UseCompressedClassPointers               = true                           {product lp64_product} {ergonomic}
     bool UseCompressedOops                        = true                           {product lp64_product} {ergonomic}
     bool UseLargePagesIndividualAllocation        = false                                  {pd product} {ergonomic}
     bool UseParallelGC                            = true                                      {product} {command line}

Logging:
Log output configuration:
 #0: stdout all=off uptime,level,tags
 #1: stderr all=off uptime,level,tags

Environment Variables:
PATH=C:\Program Files\Common Files\Oracle\Java\javapath;C:\Program Files\Dell\DW WLAN Card;C:\Windows\system32;C:\Windows;C:\Windows\System32\Wbem;C:\Windows\System32\WindowsPowerShell\v1.0\;C:\Program Files (x86)\Intel\OpenCL SDK\2.0\bin\x86;C:\Program Files (x86)\Intel\OpenCL SDK\2.0\bin\x64;C:\Program Files\WIDCOMM\Bluetooth Software\;C:\Program Files\WIDCOMM\Bluetooth Software\syswow64;C:\Program Files\Microsoft SQL Server\Client SDK\ODBC\110\Tools\Binn\;C:\Program Files (x86)\Microsoft SQL Server\120\Tools\Binn\;C:\Program Files\Microsoft SQL Server\120\Tools\Binn\;C:\Program Files\Microsoft SQL Server\120\DTS\Binn\;C:\Program Files (x86)\Microsoft SQL Server\120\Tools\Binn\ManagementStudio\;C:\Program Files (x86)\Microsoft SQL Server\120\DTS\Binn\;C:\Program Files\Git\cmd;C:\Program Files\dotnet\;C:\Users\Doaa Ali\AppData\Local\Programs\Python\Python38\Scripts\;C:\Users\Doaa Ali\AppData\Local\Programs\Python\Python38\;C:\Users\Doaa Ali\AppData\Local\Programs\Microsoft VS Code\bin;C:\MinGW\bin;C:\Program Files\Azure Data Studio\bin;C:\Users\Doaa Ali\.dotnet\tools;C:\Program Files\JetBrains\IntelliJ IDEA Community Edition 2022.3.2\bin;;C:\Program Files\JetBrains\CLion 2021.3.3\bin;;C:\Program Files\Java\jdk-19\bin
USERNAME=Doaa Ali
OS=Windows_NT
PROCESSOR_IDENTIFIER=Intel64 Family 6 Model 58 Stepping 9, GenuineIntel
TMP=C:\Users\DOAAAL~1\AppData\Local\Temp
TEMP=C:\Users\DOAAAL~1\AppData\Local\Temp



---------------  S Y S T E M  ---------------

OS:
 Windows 7 , 64 bit Build 7601 (6.1.7601.24545)
OS uptime: 0 days 5:41 hours

CPU: total 4 (initial active 4) (2 cores per cpu, 2 threads per core) family 6 model 58 stepping 9 microcode 0x0, cx8, cmov, fxsr, ht, mmx, sse, sse2, sse3, ssse3, sse4.1, sse4.2, popcnt, tsc, tscinvbit, avx, erms, clmul, vzeroupper, clflush

Memory: 4k page, system-wide physical 1935M (67M free)
TotalPageFile size 7741M (AvailPageFile size 3M)
current process WorkingSet (physical memory assigned to process): 222M, peak: 223M
current process commit charge ("private bytes"): 298M, peak: 298M

vm_info: OpenJDK 64-Bit Server VM (17.0.6+10) for windows-amd64 JRE (17.0.6+10), built on Jan 18 2023 10:08:59 by "temurin" with MS VC++ 16.7 (VS2019)

END.
